<?xml version="1.0" encoding="UTF-8"?>
<testng-results ignored="0" total="1" passed="1" failed="0" skipped="0">
  <reporter-output>
  </reporter-output>
  <suite started-at="2023-05-01T10:07:45 IST" name="Default suite" finished-at="2023-05-01T10:08:06 IST" duration-ms="21088">
    <groups>
    </groups>
    <test started-at="2023-05-01T10:07:45 IST" name="Default test" finished-at="2023-05-01T10:08:06 IST" duration-ms="21088">
      <class name="TestCases.TC_searching">
        <test-method is-config="true" signature="Invoke()[pri:0, instance:TestCases.TC_searching@130c12b7]" started-at="2023-05-01T10:07:45 IST" name="Invoke" finished-at="2023-05-01T10:07:55 IST" duration-ms="9770" status="PASS">
          <reporter-output>
          </reporter-output>
        </test-method> <!-- Invoke -->
        <test-method signature="TESTS()[pri:0, instance:TestCases.TC_searching@130c12b7]" started-at="2023-05-01T10:07:55 IST" name="TESTS" finished-at="2023-05-01T10:08:04 IST" duration-ms="9809" status="PASS">
          <reporter-output>
          </reporter-output>
        </test-method> <!-- TESTS -->
        <test-method is-config="true" signature="Logout()[pri:0, instance:TestCases.TC_searching@130c12b7]" started-at="2023-05-01T10:08:04 IST" name="Logout" finished-at="2023-05-01T10:08:06 IST" duration-ms="1418" status="PASS">
          <reporter-output>
          </reporter-output>
        </test-method> <!-- Logout -->
      </class> <!-- TestCases.TC_searching -->
    </test> <!-- Default test -->
  </suite> <!-- Default suite -->
</testng-results>
